[2025-06-10 03:05:31] INFO: ๐ ุฑุงูโุงูุฏุงุฒ ุณุณุชู ุงุณุชุฎุฑุงุฌ ุฏุงุฏูโูุง ฺฏูุฑฺฉ
[2025-06-10 03:05:31] INFO: ๐ ูุณุฑ ุงุฌุฑุง: C:\Users\Mohsen\PycharmProjects\PythonProject1\PythonProject6\customs-ocr-system\src
[2025-06-10 03:05:31] INFO: ุชูุธูุงุช ุฏุฑ ูุณุฑ config\app_config.json ุฐุฎุฑู ุดุฏ
[2025-06-10 03:05:31] INFO: ูุงู ุชูุธูุงุช ูพุดโูุฑุถ ุงุฌุงุฏ ุดุฏ
[2025-06-10 03:05:31] INFO: ุชูุธูุงุช ุฏุฑ ูุณุฑ config\app_config.json ุฐุฎุฑู ุดุฏ
[2025-06-10 03:05:31] INFO: ูุณุฑ Tesseract ุจู ุตูุฑุช ุฎูุฏฺฉุงุฑ ุดูุงุณุง ุดุฏ: C:\Program Files\Tesseract-OCR\tesseract.exe
[2025-06-10 03:05:33] INFO: ๐ ุฑุงูุงูุฏุงุฒ EasyOCR - GPU: True, ุฒุจุงููุง: ['fa', 'en']
[2025-06-10 03:05:37] INFO: โ EasyOCR ุขูุงุฏู ุดุฏ
[2025-06-10 03:05:38] INFO: โ Tesseract ุขูุงุฏู ุดุฏ - ูุณุฎู: 5.5.0.20241111
[2025-06-10 03:05:38] INFO: ๐ OCR Engine ุฑุงูุงูุฏุงุฒ ุดุฏ - EasyOCR: True, Tesseract: True
[2025-06-10 03:05:38] INFO: ๐ ูพุฑุฏุงุฒุดฺฉููุฏู PDF ุฑุงูุงูุฏุงุฒ ุดุฏ
[2025-06-10 03:05:38] INFO: ๐ฏ ุงุณุชุฎุฑุงุฌฺฉููุฏู ุฏุงุฏููุง ุฑุงูุงูุฏุงุฒ ุดุฏ
[2025-06-10 03:05:39] ERROR: โ ุฎุทุง ุฏุฑ ุฑุงูโุงูุฏุงุฒ ุจุฑูุงูู: 'CustomsOCRApp' object has no attribute 'on_document_type_change'
[2025-06-10 03:09:09] INFO: ๐ ุฑุงูโุงูุฏุงุฒ ุณุณุชู ุงุณุชุฎุฑุงุฌ ุฏุงุฏูโูุง ฺฏูุฑฺฉ
[2025-06-10 03:09:09] INFO: ๐ ูุณุฑ ุงุฌุฑุง: C:\Users\Mohsen\PycharmProjects\PythonProject1\PythonProject6\customs-ocr-system\src
[2025-06-10 03:09:09] INFO: ุชูุธูุงุช ุงุฒ ูุณุฑ config\app_config.json ุจุงุฑฺฏุฐุงุฑ ุดุฏ
[2025-06-10 03:09:09] INFO: ๐ ุฑุงูุงูุฏุงุฒ EasyOCR - GPU: True, ุฒุจุงููุง: ['fa', 'en']
[2025-06-10 03:09:13] INFO: โ EasyOCR ุขูุงุฏู ุดุฏ
[2025-06-10 03:09:13] INFO: โ Tesseract ุขูุงุฏู ุดุฏ - ูุณุฎู: 5.5.0.20241111
[2025-06-10 03:09:13] INFO: ๐ OCR Engine ุฑุงูุงูุฏุงุฒ ุดุฏ - EasyOCR: True, Tesseract: True
[2025-06-10 03:09:13] INFO: ๐ ูพุฑุฏุงุฒุดฺฉููุฏู PDF ุฑุงูุงูุฏุงุฒ ุดุฏ
[2025-06-10 03:09:13] INFO: ๐ฏ ุงุณุชุฎุฑุงุฌฺฉููุฏู ุฏุงุฏููุง ุฑุงูุงูุฏุงุฒ ุดุฏ
[2025-06-10 03:09:14] ERROR: โ ุฎุทุง ุฏุฑ ุฑุงูโุงูุฏุงุฒ ุจุฑูุงูู: 'CustomsOCRApp' object has no attribute 'on_document_type_change'
[2025-06-10 05:53:03] INFO: ๐ ุฑุงูโุงูุฏุงุฒ ุณุณุชู ุงุณุชุฎุฑุงุฌ ุฏุงุฏูโูุง ฺฏูุฑฺฉ
[2025-06-10 05:53:03] INFO: ๐ ูุณุฑ ุงุฌุฑุง: C:\Users\Mohsen\PycharmProjects\PythonProject1\PythonProject7\customs-ocr-system\src
[2025-06-10 05:53:03] INFO: โ ุชูุธูุงุช ุงุฒ ูุณุฑ C:\Users\Mohsen\PycharmProjects\PythonProject1\PythonProject7\customs-ocr-system\config\app_config.json ุจุงุฑฺฏุฐุงุฑ ุดุฏ
[2025-06-10 05:53:04] INFO: ๐ ุฑุงูุงูุฏุงุฒ EasyOCR - GPU: True, ุฒุจุงููุง: ['fa', 'en']
[2025-06-10 05:53:08] INFO: โ EasyOCR ุขูุงุฏู ุดุฏ
[2025-06-10 05:53:09] INFO: โ Tesseract ุขูุงุฏู ุดุฏ - ูุณุฎู: 5.5.0.20241111
[2025-06-10 05:53:09] INFO: ๐ OCR Engine ุฑุงูุงูุฏุงุฒ ุดุฏ - EasyOCR: True, Tesseract: True
[2025-06-10 05:53:09] INFO: ๐ ูพุฑุฏุงุฒุดฺฉููุฏู PDF ุฑุงูุงูุฏุงุฒ ุดุฏ
[2025-06-10 05:53:09] INFO: ๐ฏ ุงุณุชุฎุฑุงุฌฺฉููุฏู ุฏุงุฏููุง ุฑุงูุงูุฏุงุฒ ุดุฏ
[2025-06-10 05:53:11] ERROR: โ ุฎุทุง ุฏุฑ ุฑุงูโุงูุฏุงุฒ ุจุฑูุงูู: 'CustomsOCRApp' object has no attribute 'on_document_type_change'
[2025-06-10 06:01:33] INFO: ๐ ุฑุงูโุงูุฏุงุฒ ุณุณุชู ุงุณุชุฎุฑุงุฌ ุฏุงุฏูโูุง ฺฏูุฑฺฉ
[2025-06-10 06:01:33] INFO: ๐ ูุณุฑ ุงุฌุฑุง: C:\Users\Mohsen\PycharmProjects\PythonProject1\PythonProject7\customs-ocr-system\src
[2025-06-10 06:01:33] INFO: โ ุชูุธูุงุช ุงุฒ ูุณุฑ C:\Users\Mohsen\PycharmProjects\PythonProject1\PythonProject7\customs-ocr-system\config\app_config.json ุจุงุฑฺฏุฐุงุฑ ุดุฏ
[2025-06-10 06:01:33] INFO: ๐ ุฑุงูุงูุฏุงุฒ EasyOCR - GPU: True, ุฒุจุงููุง: ['fa', 'en']
[2025-06-10 06:01:38] INFO: โ EasyOCR ุขูุงุฏู ุดุฏ
[2025-06-10 06:01:38] INFO: โ Tesseract ุขูุงุฏู ุดุฏ - ูุณุฎู: 5.5.0.20241111
[2025-06-10 06:01:38] INFO: ๐ OCR Engine ุฑุงูุงูุฏุงุฒ ุดุฏ - EasyOCR: True, Tesseract: True
[2025-06-10 06:01:38] INFO: ๐ ูพุฑุฏุงุฒุดฺฉููุฏู PDF ุฑุงูุงูุฏุงุฒ ุดุฏ
[2025-06-10 06:01:38] INFO: ๐ฏ ุงุณุชุฎุฑุงุฌฺฉููุฏู ุฏุงุฏููุง ุฑุงูุงูุฏุงุฒ ุดุฏ
[2025-06-10 06:01:38] ERROR: โ ุฎุทุง ุฏุฑ ุฑุงูโุงูุฏุงุฒ ุจุฑูุงูู: 'CustomsOCRApp' object has no attribute 'on_document_type_change'
[2025-06-10 06:11:04] INFO: ๐ ุฑุงูโุงูุฏุงุฒ ุณุณุชู ุงุณุชุฎุฑุงุฌ ุฏุงุฏูโูุง ฺฏูุฑฺฉ
[2025-06-10 06:11:04] INFO: ๐ ูุณุฑ ุงุฌุฑุง: C:\Users\Mohsen\PycharmProjects\PythonProject1\PythonProject7\customs-ocr-system\src
[2025-06-10 06:11:04] INFO: โ ุชูุธูุงุช ุงุฒ ูุณุฑ C:\Users\Mohsen\PycharmProjects\PythonProject1\PythonProject7\customs-ocr-system\config\app_config.json ุจุงุฑฺฏุฐุงุฑ ุดุฏ
[2025-06-10 06:11:04] INFO: ๐ ุฑุงูุงูุฏุงุฒ EasyOCR - GPU: True, ุฒุจุงููุง: ['fa', 'en']
[2025-06-10 06:11:08] INFO: โ EasyOCR ุขูุงุฏู ุดุฏ
[2025-06-10 06:11:08] INFO: โ Tesseract ุขูุงุฏู ุดุฏ - ูุณุฎู: 5.5.0.20241111
[2025-06-10 06:11:08] INFO: ๐ OCR Engine ุฑุงูุงูุฏุงุฒ ุดุฏ - EasyOCR: True, Tesseract: True
[2025-06-10 06:11:08] INFO: ๐ ูพุฑุฏุงุฒุดฺฉููุฏู PDF ุฑุงูุงูุฏุงุฒ ุดุฏ
[2025-06-10 06:11:08] INFO: ๐ฏ ุงุณุชุฎุฑุงุฌฺฉููุฏู ุฏุงุฏููุง ุฑุงูุงูุฏุงุฒ ุดุฏ
[2025-06-10 06:11:09] INFO: ๐จ ุฑุงุจุท ฺฏุฑุงูฺฉ ุฑุงูุงูุฏุงุฒ ุดุฏ
[2025-06-10 06:11:09] INFO: ๐ฏ ุดุฑูุน ุญููู ุงุตู ุจุฑูุงูู
[2025-06-10 06:11:36] INFO: ๐ 1 ูุงู ุงูุชุฎุงุจ ุดุฏ
[2025-06-10 06:12:01] INFO: ๐ ุดุฑูุน ูพุฑุฏุงุฒุด ุฏุณุชูุง...
[2025-06-10 06:12:11] INFO: ๐ ุดุฑูุน ูพุฑุฏุงุฒุด...
[2025-06-10 06:12:37] INFO: ๐ ุดุฑูุน ูพุฑุฏุงุฒุด...
[2025-06-10 06:12:42] INFO: ๐ ุดุฑูุน ูพุฑุฏุงุฒุด ุฏุณุชูุง...
[2025-06-10 06:28:35] INFO: ๐ ุฑุงูโุงูุฏุงุฒ ุณุณุชู ุงุณุชุฎุฑุงุฌ ุฏุงุฏูโูุง ฺฏูุฑฺฉ
[2025-06-10 06:28:35] INFO: ๐ ูุณุฑ ุงุฌุฑุง: C:\Users\Mohsen\PycharmProjects\PythonProject1\PythonProject7\customs-ocr-system\src
[2025-06-10 06:28:35] INFO: โ ุชูุธูุงุช ุงุฒ ูุณุฑ C:\Users\Mohsen\PycharmProjects\PythonProject1\PythonProject7\customs-ocr-system\config\app_config.json ุจุงุฑฺฏุฐุงุฑ ุดุฏ
[2025-06-10 06:28:35] INFO: ๐ ุฑุงูุงูุฏุงุฒ EasyOCR - GPU: True, ุฒุจุงููุง: ['fa', 'en']
[2025-06-10 06:28:40] INFO: โ EasyOCR ุขูุงุฏู ุดุฏ
[2025-06-10 06:28:40] INFO: โ Tesseract ุขูุงุฏู ุดุฏ - ูุณุฎู: 5.5.0.20241111
[2025-06-10 06:28:40] INFO: ๐ OCR Engine ุฑุงูุงูุฏุงุฒ ุดุฏ - EasyOCR: True, Tesseract: True
[2025-06-10 06:28:40] INFO: ๐ ูพุฑุฏุงุฒุดฺฉููุฏู PDF ุฑุงูุงูุฏุงุฒ ุดุฏ
[2025-06-10 06:28:40] INFO: ๐ฏ ุงุณุชุฎุฑุงุฌฺฉููุฏู ุฏุงุฏููุง ุฑุงูุงูุฏุงุฒ ุดุฏ
[2025-06-10 06:28:41] INFO: ๐จ ุฑุงุจุท ฺฏุฑุงูฺฉ ุฑุงูุงูุฏุงุฒ ุดุฏ
[2025-06-10 06:28:41] INFO: ๐ฏ ุดุฑูุน ุญููู ุงุตู ุจุฑูุงูู
[2025-06-10 06:28:54] INFO: ๐ 1 ูุงู ุงูุชุฎุงุจ ุดุฏ
[2025-06-10 06:28:57] INFO: ๐ ุดุฑูุน ูพุฑุฏุงุฒุด...
[2025-06-10 06:31:06] INFO: ๐ ููุน ุณูุฏ ุชุบุฑ ฺฉุฑุฏ ุจู: ูุงุฑุฏุงุช
[2025-06-10 06:31:07] INFO: ๐ ููุน ุณูุฏ ุชุบุฑ ฺฉุฑุฏ ุจู: ูุงุฑุฏุงุช
[2025-06-10 06:31:08] INFO: ๐ ููุน ุณูุฏ ุชุบุฑ ฺฉุฑุฏ ุจู: ุตุงุฏุฑุงุช
[2025-06-10 06:31:09] INFO: ๐ ููุน ุณูุฏ ุชุบุฑ ฺฉุฑุฏ ุจู: ูุงุฑุฏุงุช
[2025-06-10 06:31:11] INFO: ๐ ููุน ุณูุฏ ุชุบุฑ ฺฉุฑุฏ ุจู: ุตุงุฏุฑุงุช
[2025-06-10 06:32:54] INFO: ๐ ุฑุงูโุงูุฏุงุฒ ุณุณุชู ุงุณุชุฎุฑุงุฌ ุฏุงุฏูโูุง ฺฏูุฑฺฉ
[2025-06-10 06:32:54] INFO: ๐ ูุณุฑ ุงุฌุฑุง: C:\Users\Mohsen\PycharmProjects\PythonProject1\PythonProject7\customs-ocr-system\src
[2025-06-10 06:32:54] INFO: โ ุชูุธูุงุช ุงุฒ ูุณุฑ C:\Users\Mohsen\PycharmProjects\PythonProject1\PythonProject7\customs-ocr-system\config\app_config.json ุจุงุฑฺฏุฐุงุฑ ุดุฏ
[2025-06-10 06:32:54] INFO: ๐ ุฑุงูุงูุฏุงุฒ EasyOCR - GPU: True, ุฒุจุงููุง: ['fa', 'en']
[2025-06-10 06:32:59] INFO: โ EasyOCR ุขูุงุฏู ุดุฏ
[2025-06-10 06:32:59] INFO: โ Tesseract ุขูุงุฏู ุดุฏ - ูุณุฎู: 5.5.0.20241111
[2025-06-10 06:32:59] INFO: ๐ OCR Engine ุฑุงูุงูุฏุงุฒ ุดุฏ - EasyOCR: True, Tesseract: True
[2025-06-10 06:32:59] INFO: ๐ ูพุฑุฏุงุฒุดฺฉููุฏู PDF ุฑุงูุงูุฏุงุฒ ุดุฏ
[2025-06-10 06:32:59] INFO: ๐ฏ ุงุณุชุฎุฑุงุฌฺฉููุฏู ุฏุงุฏููุง ุฑุงูุงูุฏุงุฒ ุดุฏ
[2025-06-10 06:33:00] INFO: ๐จ ุฑุงุจุท ฺฏุฑุงูฺฉ ุฑุงูุงูุฏุงุฒ ุดุฏ
[2025-06-10 06:33:00] INFO: ๐ฏ ุดุฑูุน ุญููู ุงุตู ุจุฑูุงูู
[2025-06-10 06:34:08] INFO: ๐ ุจุงุฑฺฏุฐุงุฑ ูุฌุฏุฏ ููุฏูุง...
[2025-06-10 06:34:17] INFO: ๐๏ธ ูุณุช ูุงููุง ูพุงฺฉ ุดุฏ
[2025-06-10 06:34:24] INFO: ๐ 48 ูุงู ุงุฒ ูพูุดู C:/Users/Mohsen/PycharmProjects/PythonProject1/PythonProject1/customs-pdf-extractor/data/pdfs/import ุงุถุงูู ุดุฏ
[2025-06-10 06:34:29] INFO: ๐ ุดุฑูุน ูพุฑุฏุงุฒุด ุฏุณุชูุง...
[2025-06-10 06:34:36] INFO: ๐๏ธ ูุณุช ูุงููุง ูพุงฺฉ ุดุฏ
[2025-06-10 06:34:39] INFO: ๐ ููุน ุณูุฏ ุชุบุฑ ฺฉุฑุฏ ุจู: ุตุงุฏุฑุงุช
[2025-06-10 06:34:40] INFO: ๐ ููุน ุณูุฏ ุชุบุฑ ฺฉุฑุฏ ุจู: ูุงุฑุฏุงุช
[2025-06-10 07:26:17] INFO: ๐ ุฑุงูโุงูุฏุงุฒ ุณุณุชู ุงุณุชุฎุฑุงุฌ ุฏุงุฏูโูุง ฺฏูุฑฺฉ
[2025-06-10 07:26:17] INFO: ๐ ูุณุฑ ุงุฌุฑุง: C:\Users\Mohsen\PycharmProjects\PythonProject1\PythonProject7\customs-ocr-system\src
[2025-06-10 07:26:17] INFO: โ ุชูุธูุงุช ุงุฒ ูุณุฑ C:\Users\Mohsen\PycharmProjects\PythonProject1\PythonProject7\customs-ocr-system\config\app_config.json ุจุงุฑฺฏุฐุงุฑ ุดุฏ
[2025-06-10 07:26:17] INFO: ๐ ุฑุงูุงูุฏุงุฒ EasyOCR - GPU: True, ุฒุจุงููุง: ['fa', 'en']
[2025-06-10 07:26:21] INFO: โ EasyOCR ุขูุงุฏู ุดุฏ
[2025-06-10 07:26:22] INFO: โ Tesseract ุขูุงุฏู ุดุฏ - ูุณุฎู: 5.5.0.20241111
[2025-06-10 07:26:22] INFO: ๐ OCR Engine ุฑุงูุงูุฏุงุฒ ุดุฏ - EasyOCR: True, Tesseract: True
[2025-06-10 07:26:22] INFO: ๐ ูพุฑุฏุงุฒุดฺฉููุฏู PDF ุฑุงูุงูุฏุงุฒ ุดุฏ
[2025-06-10 07:26:22] INFO: ๐ฏ ุงุณุชุฎุฑุงุฌฺฉููุฏู ุฏุงุฏููุง ุฑุงูุงูุฏุงุฒ ุดุฏ
[2025-06-10 07:26:23] INFO: ๐จ ุฑุงุจุท ฺฏุฑุงูฺฉ ุฑุงูุงูุฏุงุฒ ุดุฏ
[2025-06-10 07:26:23] INFO: ๐ฏ ุดุฑูุน ุญููู ุงุตู ุจุฑูุงูู
[2025-06-10 07:34:54] INFO: ๐ ุจุฑูุงูู ุจุณุชู ุดุฏ
[2025-06-10 08:11:09] INFO: ๐ ุฑุงูโุงูุฏุงุฒ ุณุณุชู ุงุณุชุฎุฑุงุฌ ุฏุงุฏูโูุง ฺฏูุฑฺฉ
[2025-06-10 08:11:09] INFO: ๐ ูุณุฑ ุงุฌุฑุง: C:\Users\Mohsen\PycharmProjects\PythonProject1\PythonProject7\customs-ocr-system\src
[2025-06-10 08:11:09] INFO: โ ุชูุธูุงุช ุงุฒ ูุณุฑ C:\Users\Mohsen\PycharmProjects\PythonProject1\PythonProject7\customs-ocr-system\config\app_config.json ุจุงุฑฺฏุฐุงุฑ ุดุฏ
[2025-06-10 08:11:09] INFO: ๐ ุฑุงูุงูุฏุงุฒ EasyOCR - GPU: True, ุฒุจุงููุง: ['fa', 'en']
[2025-06-10 08:11:13] INFO: โ EasyOCR ุขูุงุฏู ุดุฏ
[2025-06-10 08:11:13] INFO: โ Tesseract ุขูุงุฏู ุดุฏ - ูุณุฎู: 5.5.0.20241111
[2025-06-10 08:11:13] INFO: ๐ OCR Engine ุฑุงูุงูุฏุงุฒ ุดุฏ - EasyOCR: True, Tesseract: True
[2025-06-10 08:11:13] INFO: ๐ ูพุฑุฏุงุฒุดฺฉููุฏู PDF ุฑุงูุงูุฏุงุฒ ุดุฏ
[2025-06-10 08:11:13] INFO: ๐ฏ ุงุณุชุฎุฑุงุฌฺฉููุฏู ุฏุงุฏููุง ุฑุงูุงูุฏุงุฒ ุดุฏ
[2025-06-10 08:11:15] ERROR: โ ุฎุทุง ุฏุฑ ุฑุงูโุงูุฏุงุฒ ุจุฑูุงูู: 'CustomsOCRApp' object has no attribute 'create_status_bar'
[2025-06-10 08:20:36] INFO: ๐ ุฑุงูโุงูุฏุงุฒ ุณุณุชู ุงุณุชุฎุฑุงุฌ ุฏุงุฏูโูุง ฺฏูุฑฺฉ
[2025-06-10 08:20:36] INFO: ๐ ูุณุฑ ุงุฌุฑุง: C:\Users\Mohsen\PycharmProjects\PythonProject1\PythonProject7\customs-ocr-system\src
[2025-06-10 08:20:36] INFO: โ ุชูุธูุงุช ุงุฒ ูุณุฑ C:\Users\Mohsen\PycharmProjects\PythonProject1\PythonProject7\customs-ocr-system\config\app_config.json ุจุงุฑฺฏุฐุงุฑ ุดุฏ
[2025-06-10 08:20:36] INFO: ๐ ุฑุงูุงูุฏุงุฒ EasyOCR - GPU: True, ุฒุจุงููุง: ['fa', 'en']
[2025-06-10 08:20:48] INFO: โ EasyOCR ุขูุงุฏู ุดุฏ
[2025-06-10 08:20:48] INFO: โ Tesseract ุขูุงุฏู ุดุฏ - ูุณุฎู: 5.5.0.20241111
[2025-06-10 08:20:48] INFO: ๐ OCR Engine ุฑุงูุงูุฏุงุฒ ุดุฏ - EasyOCR: True, Tesseract: True
[2025-06-10 08:20:48] INFO: ๐ ูพุฑุฏุงุฒุดฺฉููุฏู PDF ุฑุงูุงูุฏุงุฒ ุดุฏ
[2025-06-10 08:20:48] INFO: ๐ฏ ุงุณุชุฎุฑุงุฌฺฉููุฏู ุฏุงุฏููุง ุฑุงูุงูุฏุงุฒ ุดุฏ
[2025-06-10 08:20:51] INFO: ๐จ ุฑุงุจุท ฺฏุฑุงูฺฉ ุฑุงูุงูุฏุงุฒ ุดุฏ
[2025-06-10 08:20:51] INFO: ๐ฏ ุดุฑูุน ุญููู ุงุตู ุจุฑูุงูู
[2025-06-10 08:20:55] INFO: ๐ ููุน ุณูุฏ ุชุบุฑ ฺฉุฑุฏ ุจู: ูุงุฑุฏุงุช
[2025-06-10 08:20:55] INFO: ๐ข ุญุงูุช ูุงุฑุฏุงุช ูุนุงู ุดุฏ
[2025-06-10 08:20:56] INFO: ๐ ููุน ุณูุฏ ุชุบุฑ ฺฉุฑุฏ ุจู: ุตุงุฏุฑุงุช
[2025-06-10 08:20:56] INFO: ๐ด ุญุงูุช ุตุงุฏุฑุงุช ูุนุงู ุดุฏ
[2025-06-10 08:20:58] INFO: ๐ ููุน ุณูุฏ ุชุบุฑ ฺฉุฑุฏ ุจู: ูุงุฑุฏุงุช
[2025-06-10 08:20:58] INFO: ๐ข ุญุงูุช ูุงุฑุฏุงุช ูุนุงู ุดุฏ
[2025-06-10 08:21:08] INFO: ๐ 1 ูุงู ุงูุชุฎุงุจ ุดุฏ
[2025-06-10 08:21:48] INFO: ๐ ุดุฑูุน ูพุฑุฏุงุฒุด ุฏุณุชูุง 1 ูุงู
[2025-06-10 08:21:48] INFO: ๐ ูพุฑุฏุงุฒุด ูุงู 1/1: 1403.05.11.pdf
[2025-06-10 08:21:50] INFO: โ ูุงู 1403.05.11.pdf ุจุง ููููุช ูพุฑุฏุงุฒุด ุดุฏ
[2025-06-10 08:21:50] INFO: ๐ ูพุฑุฏุงุฒุด ฺฉุงูู ุดุฏ - ูููู: 1/1 (100.0%)
[2025-06-10 08:22:01] INFO: ๐ ุจุงุฑฺฏุฐุงุฑ ูุฌุฏุฏ ููุฏูุง ูุฑุงุด
[2025-06-10 08:22:05] INFO: ๐พ ุฐุฎุฑู ุชุบุฑุงุช ู ุดุฑูุน ุงุฏฺฏุฑ
[2025-06-10 08:22:08] INFO: โ ุดุฑูุน ุงุนุชุจุงุฑุณูุฌ ุฏุงุฏูโูุง
[2025-06-10 08:22:09] INFO: ๐ง ุดุฑูุน ุจูุจูุฏ ูุฏู
[2025-06-10 08:22:18] INFO: ๐ ุจุงุฑฺฏุฐุงุฑ ูุฌุฏุฏ ููุฏูุง ูุฑุงุด
[2025-06-10 08:23:07] INFO: ๐ 1 ูุงู ุงูุชุฎุงุจ ุดุฏ
[2025-06-10 08:23:10] INFO: ๐๏ธ ูุณุช ูุงููุง ูพุงฺฉ ุดุฏ
[2025-06-10 08:23:23] INFO: ๐ 1 ูุงู ุงูุชุฎุงุจ ุดุฏ
[2025-06-10 08:23:34] INFO: ๐ ุดุฑูุน ูพุฑุฏุงุฒุด ุฏุณุชูุง 1 ูุงู
[2025-06-10 08:23:34] INFO: ๐ ูพุฑุฏุงุฒุด ูุงู 1/1: 1403.10.9.pdf
[2025-06-10 08:23:37] INFO: โ ูุงู 1403.10.9.pdf ุจุง ููููุช ูพุฑุฏุงุฒุด ุดุฏ
[2025-06-10 08:23:37] INFO: ๐ ูพุฑุฏุงุฒุด ฺฉุงูู ุดุฏ - ูููู: 1/1 (100.0%)
[2025-06-10 08:23:42] INFO: ๐ ุดุฑูุน ูพุฑุฏุงุฒุด ุฏุณุชูุง 1 ูุงู
[2025-06-10 08:23:42] INFO: ๐ ูพุฑุฏุงุฒุด ูุงู 1/1: 1403.10.9.pdf
[2025-06-10 08:23:44] INFO: โ ูุงู 1403.10.9.pdf ุจุง ููููุช ูพุฑุฏุงุฒุด ุดุฏ
[2025-06-10 08:23:44] INFO: ๐ ูพุฑุฏุงุฒุด ฺฉุงูู ุดุฏ - ูููู: 1/1 (100.0%)
[2025-06-10 08:24:19] INFO: ๐พ ุฐุฎุฑู ุชูุธูุงุช
[2025-06-10 08:24:24] INFO: ๐ ุดุฑูุน ูพุฑุฏุงุฒุด ุฏุณุชูุง 1 ูุงู
[2025-06-10 08:24:24] INFO: ๐ ูพุฑุฏุงุฒุด ูุงู 1/1: 1403.10.9.pdf
[2025-06-10 08:24:26] INFO: โ ูุงู 1403.10.9.pdf ุจุง ููููุช ูพุฑุฏุงุฒุด ุดุฏ
[2025-06-10 08:24:26] INFO: ๐ ูพุฑุฏุงุฒุด ฺฉุงูู ุดุฏ - ูููู: 1/1 (100.0%)
[2025-06-10 08:24:44] INFO: ๐ 1 ูุงู ุงูุชุฎุงุจ ุดุฏ
[2025-06-10 08:24:46] INFO: ๐ ุดุฑูุน ูพุฑุฏุงุฒุด ุฏุณุชูุง 2 ูุงู
[2025-06-10 08:24:46] INFO: ๐ ูพุฑุฏุงุฒุด ูุงู 1/2: 1403.10.9.pdf
[2025-06-10 08:24:48] INFO: โ ูุงู 1403.10.9.pdf ุจุง ููููุช ูพุฑุฏุงุฒุด ุดุฏ
[2025-06-10 08:24:48] INFO: ๐ ูพุฑุฏุงุฒุด ูุงู 2/2: 1403.05.24.pdf
[2025-06-10 08:24:51] INFO: โ ูุงู 1403.05.24.pdf ุจุง ููููุช ูพุฑุฏุงุฒุด ุดุฏ
[2025-06-10 08:24:51] INFO: ๐ ูพุฑุฏุงุฒุด ฺฉุงูู ุดุฏ - ูููู: 2/2 (100.0%)
[2025-06-10 08:25:22] INFO: ๐๏ธ ูุณุช ูุงููุง ูพุงฺฉ ุดุฏ
[2025-06-10 08:25:36] INFO: ๐ ููุน ุณูุฏ ุชุบุฑ ฺฉุฑุฏ ุจู: ุตุงุฏุฑุงุช
[2025-06-10 08:25:36] INFO: ๐ด ุญุงูุช ุตุงุฏุฑุงุช ูุนุงู ุดุฏ
[2025-06-10 08:25:48] INFO: ๐ 1 ูุงู ุงูุชุฎุงุจ ุดุฏ
[2025-06-10 08:25:52] INFO: ๐ ุดุฑูุน ูพุฑุฏุงุฒุด ุฏุณุชูุง 1 ูุงู
[2025-06-10 08:25:52] INFO: ๐ ูพุฑุฏุงุฒุด ูุงู 1/1: 1403.03.09.pdf
[2025-06-10 08:25:54] INFO: โ ูุงู 1403.03.09.pdf ุจุง ููููุช ูพุฑุฏุงุฒุด ุดุฏ
[2025-06-10 08:25:54] INFO: ๐ ูพุฑุฏุงุฒุด ฺฉุงูู ุดุฏ - ูููู: 1/1 (100.0%)
[2025-06-10 08:26:06] INFO: โ ุงุถุงูู ฺฉุฑุฏู ุงูฺฏู ุฌุฏุฏ
[2025-06-10 08:26:09] INFO: ๐งช ุชุณุช ุงูฺฏู
[2025-06-10 08:26:33] INFO: ๐ ุจุงุฑฺฏุฐุงุฑ ูุฌุฏุฏ ููุฏูุง ูุฑุงุด
[2025-06-10 08:26:34] INFO: ๐ ุจุงุฑฺฏุฐุงุฑ ูุฌุฏุฏ ููุฏูุง ูุฑุงุด
[2025-06-10 08:26:34] INFO: ๐ ุจุงุฑฺฏุฐุงุฑ ูุฌุฏุฏ ููุฏูุง ูุฑุงุด
[2025-06-10 08:26:35] INFO: ๐พ ุฐุฎุฑู ุชุบุฑุงุช ู ุดุฑูุน ุงุฏฺฏุฑ
[2025-06-10 08:26:40] INFO: โ ุดุฑูุน ุงุนุชุจุงุฑุณูุฌ ุฏุงุฏูโูุง
[2025-06-10 08:26:41] INFO: ๐ง ุดุฑูุน ุจูุจูุฏ ูุฏู
[2025-06-10 08:42:12] INFO: ๐ ุฑุงูโุงูุฏุงุฒ ุณุณุชู ุงุณุชุฎุฑุงุฌ ุฏุงุฏูโูุง ฺฏูุฑฺฉ
[2025-06-10 08:42:12] INFO: ๐ ูุณุฑ ุงุฌุฑุง: C:\Users\Mohsen\PycharmProjects\PythonProject1\PythonProject7\customs-ocr-system\src
[2025-06-10 08:42:12] INFO: โ ุชูุธูุงุช ุงุฒ ูุณุฑ C:\Users\Mohsen\PycharmProjects\PythonProject1\PythonProject7\customs-ocr-system\config\app_config.json ุจุงุฑฺฏุฐุงุฑ ุดุฏ
[2025-06-10 08:42:13] INFO: ๐ ุฑุงูุงูุฏุงุฒ EasyOCR - GPU: True, ุฒุจุงููุง: ['fa', 'en']
[2025-06-10 08:42:24] INFO: โ EasyOCR ุขูุงุฏู ุดุฏ
[2025-06-10 08:42:24] INFO: โ Tesseract ุขูุงุฏู ุดุฏ - ูุณุฎู: 5.5.0.20241111
[2025-06-10 08:42:24] INFO: ๐ OCR Engine ุฑุงูุงูุฏุงุฒ ุดุฏ - EasyOCR: True, Tesseract: True
[2025-06-10 08:42:24] INFO: ๐ ูพุฑุฏุงุฒุดฺฉููุฏู PDF ุฑุงูุงูุฏุงุฒ ุดุฏ
[2025-06-10 08:42:24] INFO: ๐ฏ ุงุณุชุฎุฑุงุฌฺฉููุฏู ุฏุงุฏููุง ุฑุงูุงูุฏุงุฒ ุดุฏ
[2025-06-10 08:42:25] ERROR: โ ุฎุทุง ุฏุฑ ุฑุงูโุงูุฏุงุฒ ุจุฑูุงูู: 'CustomsOCRApp' object has no attribute 'create_edit_tab'
[2025-06-10 08:56:30] INFO: ๐ ุฑุงูโุงูุฏุงุฒ ุณุณุชู ุงุณุชุฎุฑุงุฌ ุฏุงุฏูโูุง ฺฏูุฑฺฉ
[2025-06-10 08:56:30] INFO: ๐ ูุณุฑ ุงุฌุฑุง: C:\Users\Mohsen\PycharmProjects\PythonProject1\PythonProject7\customs-ocr-system\src
[2025-06-10 08:56:30] INFO: โ ุชูุธูุงุช ุงุฒ ูุณุฑ C:\Users\Mohsen\PycharmProjects\PythonProject1\PythonProject7\customs-ocr-system\config\app_config.json ุจุงุฑฺฏุฐุงุฑ ุดุฏ
[2025-06-10 08:56:30] INFO: ๐ ุฑุงูุงูุฏุงุฒ EasyOCR - GPU: True, ุฒุจุงููุง: ['fa', 'en']
[2025-06-10 08:56:42] INFO: โ EasyOCR ุขูุงุฏู ุดุฏ
[2025-06-10 08:56:42] INFO: โ Tesseract ุขูุงุฏู ุดุฏ - ูุณุฎู: 5.5.0.20241111
[2025-06-10 08:56:42] INFO: ๐ OCR Engine ุฑุงูุงูุฏุงุฒ ุดุฏ - EasyOCR: True, Tesseract: True
[2025-06-10 08:56:42] INFO: ๐ ูพุฑุฏุงุฒุดฺฉููุฏู PDF ุฑุงูุงูุฏุงุฒ ุดุฏ
[2025-06-10 08:56:42] INFO: ๐ฏ ุงุณุชุฎุฑุงุฌฺฉููุฏู ุฏุงุฏููุง ุฑุงูุงูุฏุงุฒ ุดุฏ
[2025-06-10 08:56:45] INFO: ๐จ ุฑุงุจุท ฺฏุฑุงูฺฉ ุฑุงูุงูุฏุงุฒ ุดุฏ
[2025-06-10 08:56:45] INFO: ๐ฏ ุดุฑูุน ุญููู ุงุตู ุจุฑูุงูู
[2025-06-10 08:56:59] INFO: ๐ 1 ูุงู ุงูุชุฎุงุจ ุดุฏ
[2025-06-10 08:57:01] INFO: ๐ ุดุฑูุน ูพุฑุฏุงุฒุด 1 ูุงู
[2025-06-10 08:57:01] ERROR: โ ุฎุทุง ุฏุฑ ูพุฑุฏุงุฒุด 1403.05.24.pdf: 'CustomsOCRApp' object has no attribute '_update_current_file_progress'
[2025-06-10 08:57:01] ERROR: โ ุฎุทุง ฺฉู ุฏุฑ ูพุฑุฏุงุฒุด: 'CustomsOCRApp' object has no attribute '_finish_processing'
[2025-06-10 09:01:10] INFO: ๐ ุฑุงูโุงูุฏุงุฒ ุณุณุชู ุงุณุชุฎุฑุงุฌ ุฏุงุฏูโูุง ฺฏูุฑฺฉ
[2025-06-10 09:01:10] INFO: ๐ ูุณุฑ ุงุฌุฑุง: C:\Users\Mohsen\PycharmProjects\PythonProject1\PythonProject7\customs-ocr-system\src
[2025-06-10 09:01:10] INFO: โ ุชูุธูุงุช ุงุฒ ูุณุฑ C:\Users\Mohsen\PycharmProjects\PythonProject1\PythonProject7\customs-ocr-system\config\app_config.json ุจุงุฑฺฏุฐุงุฑ ุดุฏ
[2025-06-10 09:01:10] INFO: ๐ ุฑุงูุงูุฏุงุฒ EasyOCR - GPU: True, ุฒุจุงููุง: ['fa', 'en']
[2025-06-10 09:01:20] INFO: โ EasyOCR ุขูุงุฏู ุดุฏ
[2025-06-10 09:01:20] INFO: โ Tesseract ุขูุงุฏู ุดุฏ - ูุณุฎู: 5.5.0.20241111
[2025-06-10 09:01:20] INFO: ๐ OCR Engine ุฑุงูุงูุฏุงุฒ ุดุฏ - EasyOCR: True, Tesseract: True
[2025-06-10 09:01:20] INFO: ๐ ูพุฑุฏุงุฒุดฺฉููุฏู PDF ุฑุงูุงูุฏุงุฒ ุดุฏ
[2025-06-10 09:01:20] INFO: ๐ฏ ุงุณุชุฎุฑุงุฌฺฉููุฏู ุฏุงุฏููุง ุฑุงูุงูุฏุงุฒ ุดุฏ
[2025-06-10 09:01:23] INFO: ๐จ ุฑุงุจุท ฺฏุฑุงูฺฉ ุฑุงูุงูุฏุงุฒ ุดุฏ
[2025-06-10 09:01:23] INFO: ๐ฏ ุดุฑูุน ุญููู ุงุตู ุจุฑูุงูู
[2025-06-10 09:01:34] INFO: ๐ 1 ูุงู ุงูุชุฎุงุจ ุดุฏ
[2025-06-10 09:01:36] INFO: ๐ ุดุฑูุน ูพุฑุฏุงุฒุด 1 ูุงู
[2025-06-10 09:01:36] INFO: ๐ ูพุฑุฏุงุฒุด ูุงู 1/1: 5 (11).pdf
[2025-06-10 09:01:36] ERROR: โ ุฎุทุง ุฏุฑ ูพุฑุฏุงุฒุด 5 (11).pdf: 'PDFProcessor' object has no attribute 'pdf_to_images'
[2025-06-10 09:01:36] ERROR: โ ุฎุทุง ุฏุฑ ุงุชูุงู ูพุฑุฏุงุฒุด: 'CustomsOCRApp' object has no attribute 'update_processing_stats'
[2025-06-10 09:21:45] INFO: ๐ ุฑุงูโุงูุฏุงุฒ ุณุณุชู ุงุณุชุฎุฑุงุฌ ุฏุงุฏูโูุง ฺฏูุฑฺฉ
[2025-06-10 09:21:45] INFO: ๐ ูุณุฑ ุงุฌุฑุง: C:\Users\Mohsen\PycharmProjects\PythonProject1\PythonProject7\customs-ocr-system\src
[2025-06-10 09:21:45] INFO: โ ุชูุธูุงุช ุงุฒ ูุณุฑ C:\Users\Mohsen\PycharmProjects\PythonProject1\PythonProject7\customs-ocr-system\config\app_config.json ุจุงุฑฺฏุฐุงุฑ ุดุฏ
[2025-06-10 09:21:45] INFO: ๐ ุฑุงูุงูุฏุงุฒ EasyOCR - GPU: True, ุฒุจุงููุง: ['fa', 'en']
[2025-06-10 09:21:50] INFO: โ EasyOCR ุขูุงุฏู ุดุฏ
[2025-06-10 09:21:50] INFO: โ Tesseract ุขูุงุฏู ุดุฏ - ูุณุฎู: 5.5.0.20241111
[2025-06-10 09:21:50] INFO: ๐ OCR Engine ุฑุงูุงูุฏุงุฒ ุดุฏ - EasyOCR: True, Tesseract: True
[2025-06-10 09:21:50] INFO: ๐ ูพุฑุฏุงุฒุดฺฉููุฏู PDF ุฑุงูุงูุฏุงุฒ ุดุฏ
[2025-06-10 09:21:50] INFO: ๐ฏ ุงุณุชุฎุฑุงุฌฺฉููุฏู ุฏุงุฏููุง ุฑุงูุงูุฏุงุฒ ุดุฏ
[2025-06-10 09:21:51] INFO: ๐ฏ 19 ุงูฺฏู ุจุงุฑฺฏุฐุงุฑ ุดุฏ
[2025-06-10 09:21:52] INFO: ๐ ุณุณุชู ูุงฺฏูฺฏ GUI ุฑุงูโุงูุฏุงุฒ ุดุฏ
[2025-06-10 09:21:52] INFO: ๐จ ุฑุงุจุท ฺฏุฑุงูฺฉ ุฑุงูุงูุฏุงุฒ ุดุฏ
[2025-06-10 09:21:52] INFO: ๐ฏ ุดุฑูุน ุญููู ุงุตู ุจุฑูุงูู
[2025-06-10 09:22:14] INFO: ๐ 1 ูุงู ุงูุชุฎุงุจ ุดุฏ
[2025-06-10 09:22:15] INFO: ๐ ุดุฑูุน ูพุฑุฏุงุฒุด 1 ูุงู
[2025-06-10 09:22:15] INFO: ๐ ูพุฑุฏุงุฒุด ูุงู 1/1: 6.1 (5).pdf
[2025-06-10 09:22:15] ERROR: โ ุฎุทุง ุฏุฑ ูพุฑุฏุงุฒุด 6.1 (5).pdf: 'PDFProcessor' object has no attribute 'pdf_to_images'
[2025-06-10 09:22:15] INFO: ๐ ููุงุด 0 ูุชุฌู ุจุฑูุฒุฑุณุงู ุดุฏ
[2025-06-10 09:22:15] INFO: ๐ ูพุฑุฏุงุฒุด ฺฉุงูู ุดุฏ! 0 ููู ุงุณุชุฎุฑุงุฌ ุดุฏ
[2025-06-10 09:22:54] INFO: ๐พ ุชูุธูุงุช ุฏุฑ ูุณุฑ C:\Users\Mohsen\PycharmProjects\PythonProject1\PythonProject7\customs-ocr-system\config\app_config.json ุฐุฎุฑู ุดุฏ
[2025-06-10 09:22:55] INFO: ๐พ ุชูุธูุงุช ุฏุฑ ูุณุฑ C:\Users\Mohsen\PycharmProjects\PythonProject1\PythonProject7\customs-ocr-system\config\app_config.json ุฐุฎุฑู ุดุฏ
[2025-06-10 09:22:55] INFO: ๐พ ุชูุธูุงุช ุฏุฑ ูุณุฑ C:\Users\Mohsen\PycharmProjects\PythonProject1\PythonProject7\customs-ocr-system\config\app_config.json ุฐุฎุฑู ุดุฏ
[2025-06-10 09:22:55] INFO: ๐พ ุชูุธูุงุช ุฏุฑ ูุณุฑ C:\Users\Mohsen\PycharmProjects\PythonProject1\PythonProject7\customs-ocr-system\config\app_config.json ุฐุฎุฑู ุดุฏ
[2025-06-10 09:22:55] INFO: ๐พ ุชูุธูุงุช ุฏุฑ ูุณุฑ C:\Users\Mohsen\PycharmProjects\PythonProject1\PythonProject7\customs-ocr-system\config\app_config.json ุฐุฎุฑู ุดุฏ
[2025-06-10 09:22:55] INFO: ๐พ ุชูุธูุงุช ุฏุฑ ูุณุฑ C:\Users\Mohsen\PycharmProjects\PythonProject1\PythonProject7\customs-ocr-system\config\app_config.json ุฐุฎุฑู ุดุฏ
[2025-06-10 09:22:55] INFO: ๐พ ุชูุธูุงุช ุฐุฎุฑู ุดุฏูุฏ
[2025-06-10 09:23:33] INFO: ๐๏ธ ูุณุช ูุงููุง ูพุงฺฉ ุดุฏ
[2025-06-10 09:23:42] INFO: ๐ 1 ูุงู ุงูุชุฎุงุจ ุดุฏ
[2025-06-10 09:23:46] INFO: ๐ ุดุฑูุน ูพุฑุฏุงุฒุด 1 ูุงู
[2025-06-10 09:23:46] INFO: ๐ ูพุฑุฏุงุฒุด ูุงู 1/1: 07.16.1.pdf
[2025-06-10 09:23:46] ERROR: โ ุฎุทุง ุฏุฑ ูพุฑุฏุงุฒุด 07.16.1.pdf: 'PDFProcessor' object has no attribute 'pdf_to_images'
[2025-06-10 09:23:46] INFO: ๐ ููุงุด 0 ูุชุฌู ุจุฑูุฒุฑุณุงู ุดุฏ
[2025-06-10 09:23:46] INFO: ๐ ูพุฑุฏุงุฒุด ฺฉุงูู ุดุฏ! 0 ููู ุงุณุชุฎุฑุงุฌ ุดุฏ
